<?xml version="1.0" encoding="UTF-8"?>
<!-- Generated by org.testng.reporters.JUnitXMLReporter -->
<testsuite ignored="2" hostname="LAPTOP-4NJLC5D4" failures="0" tests="1" name="OrangeHRM" time="10.228" errors="0" timestamp="2026-07-04T19:06:20 IST">
  <testcase classname="tests.LoginTest" name="checkLoginPageTitle" time="1.523"/>
  <testcase classname="tests.LoginTest" name="verifyLogin" time="0.0">
    <ignored/>
  </testcase> <!-- verifyLogin -->
  <testcase classname="tests.LoginTest" name="verifyValidLogin" time="0.0">
    <ignored/>
  </testcase> <!-- verifyValidLogin -->
</testsuite> <!-- OrangeHRM -->
