<?xml version="1.0" encoding="UTF-8"?>
<!-- Generated by org.testng.reporters.JUnitXMLReporter -->
<testsuite ignored="0" hostname="LAPTOP-4NJLC5D4" failures="0" tests="6" name="Test" time="145.716" errors="0" timestamp="2026-05-26T21:29:46 IST">
  <testcase classname="tests.LoginTest" name="verifyLoginPageTitle" time="0.08"/>
  <testcase classname="tests.LoginTest" name="verifyValidLogin" time="12.55"/>
  <testcase classname="tests.LoginTest" name="verifyLogin" time="13.624"/>
  <testcase classname="tests.LoginTest" name="verifyLogin" time="3.469"/>
  <testcase classname="tests.LoginTest" name="verifyLogin" time="3.676"/>
  <testcase classname="tests.PIMTest" name="verifyAddEmployee" time="32.163"/>
</testsuite> <!-- Test -->
