<?xml version="1.0" encoding="UTF-8"?>
<!-- Generated by org.testng.reporters.JUnitXMLReporter -->
<testsuite ignored="2" hostname="LAPTOP-4NJLC5D4" failures="0" tests="1" name="Chrome Test" time="14.683" errors="0" timestamp="2026-07-04T19:22:56 IST">
  <testcase classname="tests.LoginTest" name="checkLoginPageTitle" time="0.136"/>
  <testcase classname="tests.LoginTest" name="verifyLogin" time="0.0">
    <ignored/>
  </testcase> <!-- verifyLogin -->
  <testcase classname="tests.LoginTest" name="verifyValidLogin" time="0.0">
    <ignored/>
  </testcase> <!-- verifyValidLogin -->
</testsuite> <!-- Chrome Test -->
