<?xml version="1.0" encoding="UTF-8"?>
<!-- Generated by org.testng.reporters.JUnitReportReporter -->
<testsuite hostname="LAPTOP-4NJLC5D4" failures="0" tests="5" name="tests.SampleTest2" time="395.569" errors="0" timestamp="2026-06-06T12:26:13 IST" skipped="0">
  <testcase classname="tests.SampleTest2" name="chkTitle" time="21.406"/>
  <system-out>
    <![CDATA[Title Same .. Orange HRM Page Opened Correctly  ... Test Passed!]]>
  </system-out>
  <testcase classname="tests.SampleTest2" name="verifyLogin" time="91.888"/>
  <system-out>
    <![CDATA[Login is NOT Successful with InValid Credentials - Test Passed]]>
  </system-out>
  <testcase classname="tests.SampleTest2" name="verifyLogin" time="89.118"/>
  <system-out>
    <![CDATA[Login is NOT Successful with InValid Credentials - Test Passed]]>
  </system-out>
  <testcase classname="tests.SampleTest2" name="verifyLogin" time="65.882"/>
  <system-out>
    <![CDATA[Login is NOT Successful with InValid Credentials - Test Passed]]>
  </system-out>
  <testcase classname="tests.SampleTest2" name="verifyLogin" time="127.275"/>
  <system-out>
    <![CDATA[Login is Successful with Valid Credentials - Test Passed]]>
  </system-out>
</testsuite> <!-- tests.SampleTest2 -->
