<?xml version="1.0" encoding="UTF-8"?>
<!-- Generated by org.testng.reporters.JUnitReportReporter -->
<testsuite hostname="LAPTOP-4NJLC5D4" failures="0" tests="7" name="tests.SampleTest1" time="0.127" errors="0" timestamp="2026-06-02T21:27:49 IST" skipped="0">
  <testcase classname="tests.SampleTest1" name="PageTitle" time="0.094"/>
  <system-out/>
  <testcase classname="tests.SampleTest1" name="RegisterUser" time="0.007"/>
  <system-out/>
  <testcase classname="tests.SampleTest1" name="Login" time="0.005"/>
  <system-out/>
  <testcase classname="tests.SampleTest1" name="Login" time="0.007"/>
  <system-out/>
  <testcase classname="tests.SampleTest1" name="Login" time="0.005"/>
  <system-out/>
  <testcase classname="tests.SampleTest1" name="Login" time="0.006"/>
  <system-out/>
  <testcase classname="tests.SampleTest1" name="AddEmployee" time="0.003"/>
  <system-out/>
</testsuite> <!-- tests.SampleTest1 -->
