<?xml version="1.0" encoding="UTF-8"?>
<!-- Generated by org.testng.reporters.JUnitReportReporter -->
<testsuite hostname="LAPTOP-4NJLC5D4" failures="0" tests="6" name="tests.LoginTest" time="29.464" errors="0" timestamp="2026-07-04T19:22:56 IST" skipped="4">
  <testcase classname="tests.LoginTest" name="checkLoginPageTitle" time="14.624"/>
  <system-out>
    <![CDATA[Page Title : OrangeHRM]]>
  </system-out>
  <testcase classname="tests.LoginTest" name="checkLoginPageTitle" time="14.840"/>
  <system-out>
    <![CDATA[Page Title : OrangeHRM]]>
  </system-out>
  <testcase classname="tests.LoginTest" name="verifyLogin">
    <skipped/>
  </testcase> <!-- verifyLogin -->
  <system-out/>
  <testcase classname="tests.LoginTest" name="verifyLogin">
    <skipped/>
  </testcase> <!-- verifyLogin -->
  <system-out/>
  <testcase classname="tests.LoginTest" name="verifyValidLogin">
    <skipped/>
  </testcase> <!-- verifyValidLogin -->
  <system-out/>
  <testcase classname="tests.LoginTest" name="verifyValidLogin">
    <skipped/>
  </testcase> <!-- verifyValidLogin -->
  <system-out/>
</testsuite> <!-- tests.LoginTest -->
